<?xml version="1.0" encoding="UTF-8"?>
<!-- Generated by org.testng.reporters.JUnitXMLReporter -->
<testsuite ignored="0" hostname="LOG-BOM-145" failures="0" tests="9" name="Default test" time="10.976" errors="0" timestamp="2024-05-18T17:57:48 IST">
  <testcase classname="Com.Enabill.Tests.EnabillloginTest" name="TestCaes1" time="0.871"/>
  <testcase classname="Com.Enabill.Tests.EnabillloginTest" name="TestCaes2" time="0.38"/>
  <testcase classname="Com.Enabill.Tests.EnabillloginTest" name="TestCaes3" time="0.322"/>
  <testcase classname="Com.Enabill.Tests.EnabillloginTest" name="TestCaes4" time="0.677"/>
  <testcase classname="Com.Enabill.Tests.EnabillloginTest" name="TestCaes5" time="0.317"/>
  <testcase classname="Com.Enabill.Tests.EnabillloginTest" name="TestCaes6" time="0.801"/>
  <testcase classname="Com.Enabill.Tests.EnabillloginTest" name="TestCaes7" time="1.601"/>
  <testcase classname="Com.Enabill.Tests.EnabillloginTest" name="TestCaes7" time="0.914"/>
  <testcase classname="Com.Enabill.Tests.EnabillloginTest" name="TestCaes7" time="0.796"/>
</testsuite> <!-- Default test -->
