<?xml version="1.0" encoding="UTF-8"?>
<!-- Generated by org.testng.reporters.JUnitXMLReporter -->
<testsuite ignored="2" hostname="LOG-BOM-145" failures="0" tests="10" name="Test" time="0.094" errors="0" timestamp="2024-03-10T21:23:09 IST">
  <testcase classname="Com.Enabill.Tests.basetest" name="@BeforeSuite init" time="2.923">
    <failure type="java.lang.NullPointerException" message="Cannot invoke &amp;quot;org.apache.poi.xssf.usermodel.XSSFWorkbook.getSheetIndex(String)&amp;quot; because &amp;quot;this.workbook&amp;quot; is null">
      <![CDATA[java.lang.NullPointerException: Cannot invoke "org.apache.poi.xssf.usermodel.XSSFWorkbook.getSheetIndex(String)" because "this.workbook" is null
at Com.common.Methods.Xls_Reader.getRowCount(Xls_Reader.java:49)
at Com.Enabill.Tests.basetest.ReadExcelData(basetest.java:127)
at Com.Enabill.Tests.basetest.init(basetest.java:59)
... Removed 17 stack frames]]>
    </failure>
  </testcase> <!-- @BeforeSuite init -->
  <testcase classname="Com.Enabill.Tests.basetest" name="@BeforeClass startDriver" time="-1.710085989528E9">
    <skipped/>
  </testcase> <!-- @BeforeClass startDriver -->
  <testcase classname="Com.Enabill.Tests.basetest" name="@AfterMethod Flushreport" time="-1.710085989545E9">
    <skipped/>
  </testcase> <!-- @AfterMethod Flushreport -->
  <testcase classname="Com.Enabill.Tests.basetest" name="@AfterMethod Flushreport" time="-1.71008598955E9">
    <skipped/>
  </testcase> <!-- @AfterMethod Flushreport -->
  <testcase classname="Com.Enabill.Tests.basetest" name="@AfterMethod Flushreport" time="-1.710085989555E9">
    <skipped/>
  </testcase> <!-- @AfterMethod Flushreport -->
  <testcase classname="Com.Enabill.Tests.basetest" name="@AfterMethod Flushreport" time="-1.710085989563E9">
    <skipped/>
  </testcase> <!-- @AfterMethod Flushreport -->
  <testcase classname="Com.Enabill.Tests.basetest" name="@BeforeClass startDriver" time="-1.710085989566E9">
    <skipped/>
  </testcase> <!-- @BeforeClass startDriver -->
  <testcase classname="Com.Enabill.Tests.basetest" name="@AfterMethod Flushreport" time="-1.710085989571E9">
    <skipped/>
  </testcase> <!-- @AfterMethod Flushreport -->
  <testcase classname="Com.Enabill.Tests.basetest" name="@AfterMethod Flushreport" time="-1.710085989581E9">
    <skipped/>
  </testcase> <!-- @AfterMethod Flushreport -->
  <testcase classname="Com.Enabill.Tests.basetest" name="@AfterMethod Flushreport" time="-1.710085989587E9">
    <skipped/>
  </testcase> <!-- @AfterMethod Flushreport -->
  <testcase classname="Com.Enabill.Tests.basetest" name="@AfterMethod Flushreport" time="-1.710085989591E9">
    <skipped/>
  </testcase> <!-- @AfterMethod Flushreport -->
  <testcase classname="Com.Enabill.Tests.basetest" name="@AfterMethod Flushreport" time="-1.710085989594E9">
    <skipped/>
  </testcase> <!-- @AfterMethod Flushreport -->
  <testcase classname="Com.Enabill.Tests.basetest" name="@AfterMethod Flushreport" time="-1.710085989598E9">
    <skipped/>
  </testcase> <!-- @AfterMethod Flushreport -->
  <testcase classname="Com.Enabill.Tests.customertest" name="TestCaes1" time="0.0">
    <skipped/>
  </testcase> <!-- TestCaes1 -->
  <testcase classname="Com.Enabill.Tests.customertest" name="TestCaes2" time="0.0">
    <skipped/>
  </testcase> <!-- TestCaes2 -->
  <testcase classname="Com.Enabill.Tests.customertest" name="TestCases3" time="0.0">
    <skipped/>
  </testcase> <!-- TestCases3 -->
  <testcase classname="Com.Enabill.Tests.customertest" name="TestCaes4" time="0.0">
    <skipped/>
  </testcase> <!-- TestCaes4 -->
  <testcase classname="Com.Enabill.Tests.EnabillloginTest" name="TestCaes1" time="0.0">
    <skipped/>
  </testcase> <!-- TestCaes1 -->
  <testcase classname="Com.Enabill.Tests.EnabillloginTest" name="TestCaes2" time="0.0">
    <skipped/>
  </testcase> <!-- TestCaes2 -->
  <testcase classname="Com.Enabill.Tests.EnabillloginTest" name="TestCaes3" time="0.0">
    <skipped/>
  </testcase> <!-- TestCaes3 -->
  <testcase classname="Com.Enabill.Tests.EnabillloginTest" name="TestCaes4" time="0.0">
    <skipped/>
  </testcase> <!-- TestCaes4 -->
  <testcase classname="Com.Enabill.Tests.EnabillloginTest" name="TestCaes5" time="0.0">
    <skipped/>
  </testcase> <!-- TestCaes5 -->
  <testcase classname="Com.Enabill.Tests.EnabillloginTest" name="TestCaes6" time="0.0">
    <skipped/>
  </testcase> <!-- TestCaes6 -->
  <testcase classname="Com.Enabill.Tests.basetest" name="@BeforeSuite init" time="0.0">
    <ignored/>
  </testcase> <!-- @BeforeSuite init -->
  <testcase classname="Com.Enabill.Tests.basetest" name="@AfterSuite tierdown" time="0.0">
    <ignored/>
  </testcase> <!-- @AfterSuite tierdown -->
</testsuite> <!-- Test -->
