<?xml version="1.0" encoding="UTF-8"?>
<testng-results ignored="0" total="9" passed="9" failed="0" skipped="0">
  <reporter-output>
  </reporter-output>
  <suite started-at="2024-05-18T17:57:37 IST" name="Default suite" finished-at="2024-05-18T17:57:48 IST" duration-ms="10976">
    <groups>
    </groups>
    <test started-at="2024-05-18T17:57:37 IST" name="Default test" finished-at="2024-05-18T17:57:48 IST" duration-ms="10976">
      <class name="Com.Enabill.Tests.EnabillloginTest">
        <test-method is-config="true" signature="init()[pri:0, instance:Com.Enabill.Tests.EnabillloginTest@33d512c1]" started-at="2024-05-18T17:57:32 IST" name="init" finished-at="2024-05-18T17:57:37 IST" duration-ms="5856" status="PASS">
          <reporter-output>
          </reporter-output>
        </test-method> <!-- init -->
        <test-method is-config="true" signature="startDriver()[pri:0, instance:Com.Enabill.Tests.EnabillloginTest@33d512c1]" started-at="2024-05-18T17:57:37 IST" name="startDriver" finished-at="2024-05-18T17:57:41 IST" duration-ms="3708" status="PASS">
          <reporter-output>
          </reporter-output>
        </test-method> <!-- startDriver -->
        <test-method signature="TestCaes1()[pri:1, instance:Com.Enabill.Tests.EnabillloginTest@33d512c1]" started-at="2024-05-18T17:57:41 IST" name="TestCaes1" finished-at="2024-05-18T17:57:42 IST" duration-ms="871" status="PASS">
          <reporter-output>
          </reporter-output>
        </test-method> <!-- TestCaes1 -->
        <test-method is-config="true" signature="Flushreport()[pri:0, instance:Com.Enabill.Tests.EnabillloginTest@33d512c1]" started-at="2024-05-18T17:57:42 IST" name="Flushreport" finished-at="2024-05-18T17:57:42 IST" duration-ms="401" status="PASS">
          <reporter-output>
          </reporter-output>
        </test-method> <!-- Flushreport -->
        <test-method signature="TestCaes2()[pri:2, instance:Com.Enabill.Tests.EnabillloginTest@33d512c1]" started-at="2024-05-18T17:57:42 IST" name="TestCaes2" finished-at="2024-05-18T17:57:43 IST" duration-ms="380" status="PASS">
          <reporter-output>
          </reporter-output>
        </test-method> <!-- TestCaes2 -->
        <test-method is-config="true" signature="Flushreport()[pri:0, instance:Com.Enabill.Tests.EnabillloginTest@33d512c1]" started-at="2024-05-18T17:57:43 IST" name="Flushreport" finished-at="2024-05-18T17:57:43 IST" duration-ms="8" status="PASS">
          <reporter-output>
          </reporter-output>
        </test-method> <!-- Flushreport -->
        <test-method signature="TestCaes3()[pri:3, instance:Com.Enabill.Tests.EnabillloginTest@33d512c1]" started-at="2024-05-18T17:57:43 IST" name="TestCaes3" finished-at="2024-05-18T17:57:43 IST" duration-ms="322" status="PASS">
          <reporter-output>
          </reporter-output>
        </test-method> <!-- TestCaes3 -->
        <test-method is-config="true" signature="Flushreport()[pri:0, instance:Com.Enabill.Tests.EnabillloginTest@33d512c1]" started-at="2024-05-18T17:57:43 IST" name="Flushreport" finished-at="2024-05-18T17:57:43 IST" duration-ms="9" status="PASS">
          <reporter-output>
          </reporter-output>
        </test-method> <!-- Flushreport -->
        <test-method signature="TestCaes4()[pri:4, instance:Com.Enabill.Tests.EnabillloginTest@33d512c1]" started-at="2024-05-18T17:57:43 IST" name="TestCaes4" finished-at="2024-05-18T17:57:44 IST" duration-ms="677" status="PASS">
          <reporter-output>
          </reporter-output>
        </test-method> <!-- TestCaes4 -->
        <test-method is-config="true" signature="Flushreport()[pri:0, instance:Com.Enabill.Tests.EnabillloginTest@33d512c1]" started-at="2024-05-18T17:57:44 IST" name="Flushreport" finished-at="2024-05-18T17:57:44 IST" duration-ms="24" status="PASS">
          <reporter-output>
          </reporter-output>
        </test-method> <!-- Flushreport -->
        <test-method signature="TestCaes5()[pri:5, instance:Com.Enabill.Tests.EnabillloginTest@33d512c1]" started-at="2024-05-18T17:57:44 IST" name="TestCaes5" finished-at="2024-05-18T17:57:44 IST" duration-ms="317" status="PASS">
          <reporter-output>
          </reporter-output>
        </test-method> <!-- TestCaes5 -->
        <test-method is-config="true" signature="Flushreport()[pri:0, instance:Com.Enabill.Tests.EnabillloginTest@33d512c1]" started-at="2024-05-18T17:57:44 IST" name="Flushreport" finished-at="2024-05-18T17:57:44 IST" duration-ms="19" status="PASS">
          <reporter-output>
          </reporter-output>
        </test-method> <!-- Flushreport -->
        <test-method signature="TestCaes6()[pri:6, instance:Com.Enabill.Tests.EnabillloginTest@33d512c1]" started-at="2024-05-18T17:57:44 IST" name="TestCaes6" finished-at="2024-05-18T17:57:45 IST" duration-ms="801" status="PASS">
          <reporter-output>
          </reporter-output>
        </test-method> <!-- TestCaes6 -->
        <test-method is-config="true" signature="Flushreport()[pri:0, instance:Com.Enabill.Tests.EnabillloginTest@33d512c1]" started-at="2024-05-18T17:57:45 IST" name="Flushreport" finished-at="2024-05-18T17:57:45 IST" duration-ms="15" status="PASS">
          <reporter-output>
          </reporter-output>
        </test-method> <!-- Flushreport -->
        <test-method signature="TestCaes7()[pri:7, instance:Com.Enabill.Tests.EnabillloginTest@33d512c1]" started-at="2024-05-18T17:57:45 IST" name="TestCaes7" finished-at="2024-05-18T17:57:47 IST" duration-ms="1601" status="PASS">
          <reporter-output>
          </reporter-output>
        </test-method> <!-- TestCaes7 -->
        <test-method is-config="true" signature="Flushreport()[pri:0, instance:Com.Enabill.Tests.EnabillloginTest@33d512c1]" started-at="2024-05-18T17:57:47 IST" name="Flushreport" finished-at="2024-05-18T17:57:47 IST" duration-ms="14" status="PASS">
          <reporter-output>
          </reporter-output>
        </test-method> <!-- Flushreport -->
        <test-method signature="TestCaes7()[pri:7, instance:Com.Enabill.Tests.EnabillloginTest@33d512c1]" started-at="2024-05-18T17:57:47 IST" name="TestCaes7" finished-at="2024-05-18T17:57:48 IST" duration-ms="914" status="PASS">
          <reporter-output>
          </reporter-output>
        </test-method> <!-- TestCaes7 -->
        <test-method is-config="true" signature="Flushreport()[pri:0, instance:Com.Enabill.Tests.EnabillloginTest@33d512c1]" started-at="2024-05-18T17:57:48 IST" name="Flushreport" finished-at="2024-05-18T17:57:48 IST" duration-ms="18" status="PASS">
          <reporter-output>
          </reporter-output>
        </test-method> <!-- Flushreport -->
        <test-method signature="TestCaes7()[pri:7, instance:Com.Enabill.Tests.EnabillloginTest@33d512c1]" started-at="2024-05-18T17:57:48 IST" name="TestCaes7" finished-at="2024-05-18T17:57:48 IST" duration-ms="796" status="PASS">
          <reporter-output>
          </reporter-output>
        </test-method> <!-- TestCaes7 -->
        <test-method is-config="true" signature="Flushreport()[pri:0, instance:Com.Enabill.Tests.EnabillloginTest@33d512c1]" started-at="2024-05-18T17:57:48 IST" name="Flushreport" finished-at="2024-05-18T17:57:48 IST" duration-ms="13" status="PASS">
          <reporter-output>
          </reporter-output>
        </test-method> <!-- Flushreport -->
        <test-method is-config="true" signature="tierdown()[pri:0, instance:Com.Enabill.Tests.EnabillloginTest@33d512c1]" started-at="2024-05-18T17:57:48 IST" name="tierdown" finished-at="2024-05-18T17:57:48 IST" duration-ms="0" status="PASS">
          <reporter-output>
          </reporter-output>
        </test-method> <!-- tierdown -->
      </class> <!-- Com.Enabill.Tests.EnabillloginTest -->
    </test> <!-- Default test -->
  </suite> <!-- Default suite -->
</testng-results>
